  game.cpp
C:\Users\mkasz\Desktop\Code\PP-project1\Go\game.cpp(138,15): warning C4477: „fscanf”: ciąg formatu „%hd” wymaga argumentu typu „short *”, ale argument 1 ze zmienną liczbą argumentów ma typ „bool *”
C:\Users\mkasz\Desktop\Code\PP-project1\Go\game.cpp(144,17): warning C4477: „fscanf”: ciąg formatu „%hd” wymaga argumentu typu „short *”, ale argument 1 ze zmienną liczbą argumentów ma typ „player *”
C:\Users\mkasz\Desktop\Code\PP-project1\Go\game.cpp(144,17): message : rozważ użycie elementu „%d” w ciągu formatu
C:\Users\mkasz\Desktop\Code\PP-project1\Go\game.cpp(144,17): message : rozważ użycie elementu „%I32d” w ciągu formatu
C:\Users\mkasz\Desktop\Code\PP-project1\Go\game.cpp(145,17): warning C4477: „fscanf”: ciąg formatu „%hd” wymaga argumentu typu „short *”, ale argument 1 ze zmienną liczbą argumentów ma typ „bool *”
C:\Users\mkasz\Desktop\Code\PP-project1\Go\game.cpp(149,15): warning C4477: „fscanf”: ciąg formatu „%hd” wymaga argumentu typu „short *”, ale argument 1 ze zmienną liczbą argumentów ma typ „int *”
C:\Users\mkasz\Desktop\Code\PP-project1\Go\game.cpp(149,15): message : rozważ użycie elementu „%d” w ciągu formatu
C:\Users\mkasz\Desktop\Code\PP-project1\Go\game.cpp(149,15): message : rozważ użycie elementu „%I32d” w ciągu formatu
C:\Users\mkasz\Desktop\Code\PP-project1\Go\game.cpp(150,15): warning C4477: „fscanf”: ciąg formatu „%hd” wymaga argumentu typu „short *”, ale argument 1 ze zmienną liczbą argumentów ma typ „int *”
C:\Users\mkasz\Desktop\Code\PP-project1\Go\game.cpp(150,15): message : rozważ użycie elementu „%d” w ciągu formatu
C:\Users\mkasz\Desktop\Code\PP-project1\Go\game.cpp(150,15): message : rozważ użycie elementu „%I32d” w ciągu formatu
C:\Users\mkasz\Desktop\Code\PP-project1\Go\game.cpp(155,15): warning C4477: „fscanf”: ciąg formatu „%hd” wymaga argumentu typu „short *”, ale argument 1 ze zmienną liczbą argumentów ma typ „bool *”
C:\Users\mkasz\Desktop\Code\PP-project1\Go\game.cpp(713,98): warning C4805: "!=": niebezpieczne połączenie typu "player" oraz typu "bool" w operacji
C:\Users\mkasz\Desktop\Code\PP-project1\Go\game.cpp(719,98): warning C4805: "!=": niebezpieczne połączenie typu "player" oraz typu "bool" w operacji
C:\Users\mkasz\Desktop\Code\PP-project1\Go\game.cpp(725,98): warning C4805: "!=": niebezpieczne połączenie typu "player" oraz typu "bool" w operacji
C:\Users\mkasz\Desktop\Code\PP-project1\Go\game.cpp(731,98): warning C4805: "!=": niebezpieczne połączenie typu "player" oraz typu "bool" w operacji
C:\Users\mkasz\Desktop\Code\PP-project1\Go\game.cpp(851,109): warning C4805: "==": niebezpieczne połączenie typu "player" oraz typu "bool" w operacji
C:\Users\mkasz\Desktop\Code\PP-project1\Go\game.cpp(880,40): warning C4805: "==": niebezpieczne połączenie typu "player" oraz typu "bool" w operacji
  Go.vcxproj -> C:\Users\mkasz\Desktop\Code\PP-project1\x64\Debug\Go.exe
